<?xml version="1.0" encoding="UTF-8"?>
<testsuite xmlns:xsi="http://www.w3.org/2001/XMLSchema-instance" xsi:noNamespaceSchemaLocation="https://maven.apache.org/surefire/maven-surefire-plugin/xsd/surefire-test-report-3.0.xsd" version="3.0" name="TestSuite" time="1,048.018" tests="12" errors="0" skipped="0" failures="7">
  <properties>
[...]
</properties>
  <testcase name="UserAccess" classname="EncorDashboard.TestScripts.UserAccess" time="16.627"/>
  <testcase name="ChangeDashboard" classname="EncorDashboard.TestScripts.ChangeDashboard" time="97.59"/>
  <testcase name="AddDashboard" classname="EncorDashboard.TestScripts.AddDashboard" time="33.491">
    <failure message="expected [Manage Dashboard] but found [Add/Edit Dashboard]" type="java.lang.AssertionError">java.lang.AssertionError: expected [Manage Dashboard] but found [Add/Edit Dashboard]
	at EncorDashboard.TestScripts.AddDashboard.AddDashboard(AddDashboard.java:71)
</failure>
    <system-out><![CDATA[Clinical Dashboard
Dashboard1
test2
Clinical Dashboard
test2
Monthly Scorecard
test2
Calendar Year
test2
Y
test2
Abdominal Aortic Aneurysm(AAA) Repair Mortality Rate (IQI 11)
test2
N
test2
Monthly Scorecard
Dashboard2
test2
Clinical Dashboard
test2
Monthly Scorecard
test2
Calendar Year
test2
Y
test2
Aspirin at Arrival (AMI-1)
test2
N
test2
Calendar Year
Dashboard3
test2
Clinical Dashboard
test2
Monthly Scorecard
test2
Calendar Year
test2
Y
test2
Abdominal Aortic Aneurysm(AAA) Repair Mortality Rate (IQI 11)
test2
N
test2
Y
Dashboard4
test2
Clinical Dashboard
test2
Monthly Scorecard
test2
Calendar Year
test2
Y
test2
Abdominal Aortic Aneurysm(AAA) Repair Mortality Rate (IQI 11)
test2
N
test2
Abdominal Aortic Aneurysm(AAA) Repair Mortality Rate (IQI 11)
Dashboard5
test2
Clinical Dashboard
test2
Monthly Scorecard
test2
Calendar Year
test2
Y
test2
Abdominal Aortic Aneurysm(AAA) Repair Mortality Rate (IQI 11)
test2
N
test2
Before navigating to: 'http://msv-qa-web/encord-sh-qa-x-02'
Navigated to:'http://msv-qa-web/encord-sh-qa-x-02'
Dashboard1,Clinical Dashboard
]]></system-out>
    <system-err><![CDATA[Starting ChromeDriver 2.41.578737 (49da6702b16031c40d63e5618de03a32ff6c197e) on port 39406
Only local connections are allowed.
Mar 24, 2019 9:14:38 PM org.openqa.selenium.remote.ProtocolHandshake createSession
INFO: Detected dialect: OSS
]]></system-err>
  </testcase>
  <testcase name="AddDashboard" classname="EncorDashboard.TestScripts.AddDashboard" time="37.504">
    <failure message="expected [Manage Dashboard] but found [Add/Edit Dashboard]" type="java.lang.AssertionError">java.lang.AssertionError: expected [Manage Dashboard] but found [Add/Edit Dashboard]
	at EncorDashboard.TestScripts.AddDashboard.AddDashboard(AddDashboard.java:71)
</failure>
    <system-out><![CDATA[Before navigating to: 'http://msv-qa-web/encord-sh-qa-x-02'
Navigated to:'http://msv-qa-web/encord-sh-qa-x-02'
Dashboard2,Clinical Dashboard
]]></system-out>
    <system-err><![CDATA[Starting ChromeDriver 2.41.578737 (49da6702b16031c40d63e5618de03a32ff6c197e) on port 12388
Only local connections are allowed.
Mar 24, 2019 9:15:33 PM org.openqa.selenium.remote.ProtocolHandshake createSession
INFO: Detected dialect: OSS
]]></system-err>
  </testcase>
  <testcase name="AddDashboard" classname="EncorDashboard.TestScripts.AddDashboard" time="27.222">
    <failure message="Destination &apos;D:\&apos; directory cannot be created" type="java.io.IOException">java.io.IOException: Destination 'D:\' directory cannot be created
	at EncorDashboard.TestScripts.AddDashboard.AddDashboard(AddDashboard.java:76)
</failure>
    <system-out><![CDATA[Before navigating to: 'http://msv-qa-web/encord-sh-qa-x-02'
Navigated to:'http://msv-qa-web/encord-sh-qa-x-02'
Dashboard3,Clinical Dashboard
]]></system-out>
    <system-err><![CDATA[Starting ChromeDriver 2.41.578737 (49da6702b16031c40d63e5618de03a32ff6c197e) on port 2673
Only local connections are allowed.
Mar 24, 2019 9:16:43 PM org.openqa.selenium.remote.ProtocolHandshake createSession
INFO: Detected dialect: OSS
]]></system-err>
  </testcase>
  <testcase name="AddDashboard" classname="EncorDashboard.TestScripts.AddDashboard" time="33.576">
    <failure message="expected [Manage Dashboard] but found [Add/Edit Dashboard]" type="java.lang.AssertionError">java.lang.AssertionError: expected [Manage Dashboard] but found [Add/Edit Dashboard]
	at EncorDashboard.TestScripts.AddDashboard.AddDashboard(AddDashboard.java:71)
</failure>
    <system-out><![CDATA[Before navigating to: 'http://msv-qa-web/encord-sh-qa-x-02'
Navigated to:'http://msv-qa-web/encord-sh-qa-x-02'
Dashboard4,Clinical Dashboard
]]></system-out>
    <system-err><![CDATA[Starting ChromeDriver 2.41.578737 (49da6702b16031c40d63e5618de03a32ff6c197e) on port 44921
Only local connections are allowed.
Mar 24, 2019 9:17:42 PM org.openqa.selenium.remote.ProtocolHandshake createSession
INFO: Detected dialect: OSS
]]></system-err>
  </testcase>
  <testcase name="AddDashboard" classname="EncorDashboard.TestScripts.AddDashboard" time="33.833">
    <failure message="expected [Manage Dashboard] but found [Add/Edit Dashboard]" type="java.lang.AssertionError">java.lang.AssertionError: expected [Manage Dashboard] but found [Add/Edit Dashboard]
	at EncorDashboard.TestScripts.AddDashboard.AddDashboard(AddDashboard.java:71)
</failure>
    <system-out><![CDATA[Before navigating to: 'http://msv-qa-web/encord-sh-qa-x-02'
Navigated to:'http://msv-qa-web/encord-sh-qa-x-02'
Dashboard5,Clinical Dashboard
]]></system-out>
    <system-err><![CDATA[Starting ChromeDriver 2.41.578737 (49da6702b16031c40d63e5618de03a32ff6c197e) on port 23978
Only local connections are allowed.
Mar 24, 2019 9:18:38 PM org.openqa.selenium.remote.ProtocolHandshake createSession
INFO: Detected dialect: OSS
]]></system-err>
  </testcase>
  <testcase name="UserAdministration" classname="EncorDashboard.TestScripts.UserAdministration" time="41.029"/>
  <testcase name="SetResetDashboard" classname="EncorDashboard.TestScripts.SetResetDashboard" time="145.612">
    <failure message="expected [HAC(M) :: All Categories] but found [Electronic Dashboard(M) :: All Categories]" type="java.lang.AssertionError">java.lang.AssertionError: expected [HAC(M) :: All Categories] but found [Electronic Dashboard(M) :: All Categories]
	at EncorDashboard.TestScripts.SetResetDashboard.SetResetDashboard(SetResetDashboard.java:59)
</failure>
    <system-out><![CDATA[Before navigating to: 'http://msv-qa-web/encord-sh-qa-x-02'
Navigated to:'http://msv-qa-web/encord-sh-qa-x-02'
]]></system-out>
    <system-err><![CDATA[Starting ChromeDriver 2.41.578737 (49da6702b16031c40d63e5618de03a32ff6c197e) on port 14338
Only local connections are allowed.
Mar 24, 2019 9:20:41 PM org.openqa.selenium.remote.ProtocolHandshake createSession
INFO: Detected dialect: OSS
]]></system-err>
  </testcase>
  <testcase name="UserAccess" classname="EncorDashboard.TestScripts.SetDashboardData" time="101.066"/>
  <testcase name="SaveView" classname="EncorDashboard.TestScripts.SaveCurrentView" time="90.364"/>
  <testcase name="ExportDashboard" classname="EncorDashboard.TestScripts.ExportFile" time="75.136">
    <failure message="expected [HAC(M) :: All Categories] but found [Electronic Dashboard(M) :: All Categories]" type="java.lang.AssertionError">java.lang.AssertionError: expected [HAC(M) :: All Categories] but found [Electronic Dashboard(M) :: All Categories]
	at EncorDashboard.TestScripts.ExportFile.ExportDashboard(ExportFile.java:57)
</failure>
    <system-out><![CDATA[Before navigating to: 'http://msv-qa-web/encord-sh-qa-x-02'
Navigated to:'http://msv-qa-web/encord-sh-qa-x-02'
]]></system-out>
    <system-err><![CDATA[Starting ChromeDriver 2.41.578737 (49da6702b16031c40d63e5618de03a32ff6c197e) on port 31006
Only local connections are allowed.
Mar 24, 2019 9:27:15 PM org.openqa.selenium.remote.ProtocolHandshake createSession
INFO: Detected dialect: OSS
]]></system-err>
  </testcase>
</testsuite>